<?xml version="1.0" encoding="UTF-8"?>
<!-- Generated by org.testng.reporters.JUnitXMLReporter -->
<testsuite ignored="0" hostname="DESKTOP-NBCL21T" failures="1" tests="1" name="Validating Tittle in the Page" time="25.004" errors="0" timestamp="08 Jan 2022 13:17:24 GMT">
  <testcase classname="Academy.ValidateTittle" name="basePageNavigation" time="0.056">
    <failure type="java.lang.AssertionError" message="expected [FEATURED COURS1ES] but found [FEATURED COURSES]">
      <![CDATA[java.lang.AssertionError: expected [FEATURED COURS1ES] but found [FEATURED COURSES]
at Academy.ValidateTittle.basePageNavigation(ValidateTittle.java:33)
at java.base/java.util.concurrent.FutureTask.run(FutureTask.java:264)
at java.base/java.util.concurrent.ThreadPoolExecutor.runWorker(ThreadPoolExecutor.java:1130)
at java.base/java.util.concurrent.ThreadPoolExecutor$Worker.run(ThreadPoolExecutor.java:630)
at java.base/java.lang.Thread.run(Thread.java:831)
... Removed 22 stack frames]]>
    </failure>
  </testcase> <!-- basePageNavigation -->
</testsuite> <!-- Validating Tittle in the Page -->
